#
# There is insufficient memory for the Java Runtime Environment to continue.
# Native memory allocation (malloc) failed to allocate 1048576 bytes for AllocateHeap
# Possible reasons:
#   The system is out of physical RAM or swap space
#   In 32 bit mode, the process size limit was hit
# Possible solutions:
#   Reduce memory load on the system
#   Increase physical memory or swap space
#   Check if swap backing store is full
#   Use 64 bit Java on a 64 bit OS
#   Decrease Java heap size (-Xmx/-Xms)
#   Decrease number of Java threads
#   Decrease Java thread stack sizes (-Xss)
#   Set larger code cache with -XX:ReservedCodeCacheSize=
# This output file may be truncated or incomplete.
#
#  Out of Memory Error (memory/allocation.inline.hpp:61), pid=15236, tid=11496
#
# JRE version:  (8.0_73-b02) (build )
# Java VM: Java HotSpot(TM) 64-Bit Server VM (25.73-b02 mixed mode windows-amd64 compressed oops)
# Failed to write core dump. Minidumps are not enabled by default on client versions of Windows
#

---------------  T H R E A D  ---------------

Current thread (0x0000000001b8e000):  JavaThread "Unknown thread" [_thread_in_vm, id=11496, stack(0x0000000002350000,0x0000000002450000)]

Stack: [0x0000000002350000,0x0000000002450000]
[error occurred during error reporting (printing stack bounds), id 0xc0000005]

Native frames: (J=compiled Java code, j=interpreted, Vv=VM code, C=native code)


---------------  P R O C E S S  ---------------

Java Threads: ( => current thread )

Other Threads:

=>0x0000000001b8e000 (exited) JavaThread "Unknown thread" [_thread_in_vm, id=11496, stack(0x0000000002350000,0x0000000002450000)]

VM state:not at safepoint (normal execution)

VM Mutex/Monitor currently owned by a thread: None

Heap:
 PSYoungGen      total 18432K, used 317K [0x00000000eb600000, 0x00000000eca80000, 0x0000000100000000)
  eden space 15872K, 2% used [0x00000000eb600000,0x00000000eb64f5d0,0x00000000ec580000)
  from space 2560K, 0% used [0x00000000ec800000,0x00000000ec800000,0x00000000eca80000)
  to   space 2560K, 0% used [0x00000000ec580000,0x00000000ec580000,0x00000000ec800000)
 ParOldGen       total 42496K, used 0K [0x00000000c2200000, 0x00000000c4b80000, 0x00000000eb600000)
  object space 42496K, 0% used [0x00000000c2200000,0x00000000c2200000,0x00000000c4b80000)
 Metaspace       used 746K, capacity 4480K, committed 4480K, reserved 1056768K
  class space    used 75K, capacity 384K, committed 384K, reserved 1048576K

Card table byte_map: [0x0000000011ae0000,0x0000000011cd0000] byte_map_base: 0x00000000114cf000

Marking Bits: (ParMarkBitMap*) 0x00000000552c0600
 Begin Bits: [0x0000000012310000, 0x0000000013288000)
 End Bits:   [0x0000000013288000, 0x0000000014200000)

Polling page: 0x0000000001b50000

CodeCache: size=245760Kb used=327Kb max_used=327Kb free=245432Kb
 bounds [0x0000000002720000, 0x0000000002990000, 0x0000000011720000]
 total_blobs=56 nmethods=0 adapters=37
 compilation: enabled

Compilation events (0 events):
No events

GC Heap History (0 events):
No events

Deoptimization events (0 events):
No events

Internal exceptions (0 events):
No events

Events (10 events):
Event: 0.094 loading class java/lang/Short
Event: 0.094 loading class java/lang/Short done
Event: 0.094 loading class java/lang/Integer
Event: 0.094 loading class java/lang/Integer done
Event: 0.094 loading class java/lang/Long
Event: 0.095 loading class java/lang/Long done
Event: 0.097 loading class java/lang/NullPointerException
Event: 0.097 loading class java/lang/NullPointerException done
Event: 0.097 loading class java/lang/ArithmeticException
Event: 0.098 loading class java/lang/ArithmeticException done


Dynamic libraries:
0x000000013f4d0000 - 0x000000013f507000 	C:\Program Files\Java\jre1.8.0_73\bin\javaw.exe
0x0000000077550000 - 0x00000000776f9000 	C:\windows\SYSTEM32\ntdll.dll
0x0000000077220000 - 0x000000007733f000 	C:\windows\system32\kernel32.dll
0x000007fefdb80000 - 0x000007fefdbeb000 	C:\windows\system32\KERNELBASE.dll
0x000007fefdec0000 - 0x000007fefdf9b000 	C:\windows\system32\ADVAPI32.dll
0x000007feff100000 - 0x000007feff19f000 	C:\windows\system32\msvcrt.dll
0x000007fefdea0000 - 0x000007fefdebf000 	C:\windows\SYSTEM32\sechost.dll
0x000007fefe160000 - 0x000007fefe28d000 	C:\windows\system32\RPCRT4.dll
0x0000000076e70000 - 0x0000000076f6a000 	C:\windows\system32\USER32.dll
0x000007feff4e0000 - 0x000007feff547000 	C:\windows\system32\GDI32.dll
0x000007fefdd80000 - 0x000007fefdd8e000 	C:\windows\system32\LPK.dll
0x000007fefe090000 - 0x000007fefe159000 	C:\windows\system32\USP10.dll
0x000007fefbf60000 - 0x000007fefc154000 	C:\windows\WinSxS\amd64_microsoft.windows.common-controls_6595b64144ccf1df_6.0.7601.17514_none_fa396087175ac9ac\COMCTL32.dll
0x000007fefdd90000 - 0x000007fefde01000 	C:\windows\system32\SHLWAPI.dll
0x000007fefde70000 - 0x000007fefde9e000 	C:\windows\system32\IMM32.DLL
0x000007feff1a0000 - 0x000007feff2a9000 	C:\windows\system32\MSCTF.dll
0x0000000055340000 - 0x0000000055412000 	C:\Program Files\Java\jre1.8.0_73\bin\msvcr100.dll
0x0000000054ab0000 - 0x0000000055340000 	C:\Program Files\Java\jre1.8.0_73\bin\server\jvm.dll
0x000007fef9580000 - 0x000007fef9589000 	C:\windows\system32\WSOCK32.dll
0x000007fefe040000 - 0x000007fefe08d000 	C:\windows\system32\WS2_32.dll
0x000007feff7d0000 - 0x000007feff7d8000 	C:\windows\system32\NSI.dll
0x000007fefb7b0000 - 0x000007fefb7eb000 	C:\windows\system32\WINMM.dll
0x000007fefcaf0000 - 0x000007fefcafc000 	C:\windows\system32\VERSION.dll
0x0000000077720000 - 0x0000000077727000 	C:\windows\system32\PSAPI.DLL
0x00000000741a0000 - 0x00000000741af000 	C:\Program Files\Java\jre1.8.0_73\bin\verify.dll
0x0000000057fd0000 - 0x0000000057ff9000 	C:\Program Files\Java\jre1.8.0_73\bin\java.dll
0x000000005c3e0000 - 0x000000005c3f6000 	C:\Program Files\Java\jre1.8.0_73\bin\zip.dll

VM Arguments:
jvm_args: -Dfile.encoding=Cp1252 
java_command: CountryAirStage2
java_class_path (initial): F:\eclipseproj\Assignment2\bin
Launcher Type: SUN_STANDARD

Environment Variables:
PATH=C:/Program Files/Java/jdk1.8.0_73/bin/../jre/bin/server;C:/Program Files/Java/jdk1.8.0_73/bin/../jre/bin;C:/Program Files/Java/jdk1.8.0_73/bin/../jre/lib/amd64;C:\Program Files\Java\jdk1.8.0_73\bin;C:\ProgramData\Oracle\Java\javapath;C:\windows\system32;C:\windows;C:\windows\System32\Wbem;C:\windows\System32\WindowsPowerShell\v1.0\;C:\Program Files (x86)\ATI Technologies\ATI.ACE\Core-Static;C:\Program Files (x86)\Common Files\Ulead Systems\MPEG;c:\Program Files (x86)\Microsoft SQL Server\90\Tools\binn\;C:\Program Files (x86)\QuickTime\QTSystem\;C:\Program Files (x86)\Common Files\Adobe\AGL;C:\Program Files (x86)\nodejs\;C:\Program Files (x86)\Common Files\Ulead Systems\MPEG;c:\Program Files (x86)\Microsoft SQL Server\90\Tools\binn\;C:\Program Files (x86)\QuickTime\QTSystem\;C:\Program Files (x86)\Common Files\Adobe\AGL;C:\Python27\;C:\Python27\Scripts\;C:\Users\Punya\AppData\Roaming\npm;C:\windows\system32\WindowsPowerShell\v1.0\;C:\windows\system32;C:\windows;C:\windows\System32\Wbem;C:\windows\System32\WindowsPowerShell\v1.0\;C:\Program Files (x86)\ATI Technologies\ATI.ACE\Core-Static;C:\Program Files (x86)\Common Files\Ulead Systems\MPEG;c:\Program Files (x86)\Microsoft SQL Server\90\Tools\binn\;C:\Program Files (x86)\QuickTime\QTSystem\;C:\Program Files (x86)\Common Files\Adobe\AGL;C:\Python27\;C:\Python27\Scripts\;C:\Users\Punya\AppData\Roaming\npm;F:\computing studies\eclipse\eclipse;
USERNAME=Punya
OS=Windows_NT
PROCESSOR_IDENTIFIER=Intel64 Family 6 Model 37 Stepping 2, GenuineIntel



---------------  S Y S T E M  ---------------

OS: Windows 7 , 64 bit Build 7601 (6.1.7601.17514)

CPU:total 4 (2 cores per cpu, 2 threads per core) family 6 model 37 stepping 2, cmov, cx8, fxsr, mmx, sse, sse2, sse3, ssse3, sse4.1, sse4.2, popcnt, ht, tsc, tscinvbit

Memory: 4k page, physical 4052560k(851832k free), swap 16125992k(18228k free)

vm_info: Java HotSpot(TM) 64-Bit Server VM (25.73-b02) for windows-amd64 JRE (1.8.0_73-b02), built on Jan 29 2016 17:38:49 by "java_re" with MS VC++ 10.0 (VS2010)

time: Wed Apr 27 18:47:06 2016
elapsed time: 0 seconds (0d 0h 0m 0s)

